{"/Users/rafaelmarquesdovale/Projetos/ReactNative/goBarber-app/src/components/Button/index.tsx": {"path":"/Users/rafaelmarquesdovale/Projetos/ReactNative/goBarber-app/src/components/Button/index.tsx","statementMap":{"0":{"start":{"line":10,"column":38},"end":{"line":14,"column":1}},"1":{"start":{"line":11,"column":2},"end":{"line":13,"column":14}}},"fnMap":{"0":{"name":"(anonymous_0)","decl":{"start":{"line":10,"column":38},"end":{"line":10,"column":39}},"loc":{"start":{"line":11,"column":2},"end":{"line":13,"column":14}},"line":11}},"branchMap":{},"s":{"0":1,"1":1},"f":{"0":1},"b":{},"_coverageSchema":"43e27e138ebf9cfc5966b082cf9a028302ed4184","hash":"b9f093423aad2438d1347b93f14eeb9743ec4fc0"}
,"/Users/rafaelmarquesdovale/Projetos/ReactNative/goBarber-app/src/components/Input/index.tsx": {"path":"/Users/rafaelmarquesdovale/Projetos/ReactNative/goBarber-app/src/components/Input/index.tsx","statementMap":{"0":{"start":{"line":26,"column":66},"end":{"line":89,"column":1}},"1":{"start":{"line":30,"column":26},"end":{"line":30,"column":43}},"2":{"start":{"line":32,"column":65},"end":{"line":32,"column":79}},"3":{"start":{"line":33,"column":24},"end":{"line":33,"column":76}},"4":{"start":{"line":35,"column":36},"end":{"line":35,"column":51}},"5":{"start":{"line":36,"column":34},"end":{"line":36,"column":49}},"6":{"start":{"line":38,"column":27},"end":{"line":40,"column":8}},"7":{"start":{"line":39,"column":4},"end":{"line":39,"column":23}},"8":{"start":{"line":41,"column":26},"end":{"line":44,"column":8}},"9":{"start":{"line":42,"column":4},"end":{"line":42,"column":24}},"10":{"start":{"line":43,"column":4},"end":{"line":43,"column":47}},"11":{"start":{"line":46,"column":2},"end":{"line":50,"column":6}},"12":{"start":{"line":46,"column":34},"end":{"line":50,"column":3}},"13":{"start":{"line":48,"column":6},"end":{"line":48,"column":38}},"14":{"start":{"line":51,"column":2},"end":{"line":65,"column":33}},"15":{"start":{"line":52,"column":4},"end":{"line":64,"column":7}},"16":{"start":{"line":57,"column":8},"end":{"line":57,"column":44}},"17":{"start":{"line":58,"column":8},"end":{"line":58,"column":64}},"18":{"start":{"line":61,"column":8},"end":{"line":61,"column":41}},"19":{"start":{"line":62,"column":8},"end":{"line":62,"column":40}},"20":{"start":{"line":67,"column":2},"end":{"line":88,"column":4}},"21":{"start":{"line":83,"column":10},"end":{"line":83,"column":46}}},"fnMap":{"0":{"name":"(anonymous_0)","decl":{"start":{"line":26,"column":66},"end":{"line":26,"column":67}},"loc":{"start":{"line":29,"column":5},"end":{"line":89,"column":1}},"line":29},"1":{"name":"(anonymous_1)","decl":{"start":{"line":38,"column":39},"end":{"line":38,"column":40}},"loc":{"start":{"line":38,"column":45},"end":{"line":40,"column":3}},"line":38},"2":{"name":"(anonymous_2)","decl":{"start":{"line":41,"column":38},"end":{"line":41,"column":39}},"loc":{"start":{"line":41,"column":44},"end":{"line":44,"column":3}},"line":41},"3":{"name":"(anonymous_3)","decl":{"start":{"line":46,"column":27},"end":{"line":46,"column":28}},"loc":{"start":{"line":46,"column":34},"end":{"line":50,"column":3}},"line":46},"4":{"name":"(anonymous_4)","decl":{"start":{"line":47,"column":4},"end":{"line":47,"column":5}},"loc":{"start":{"line":47,"column":12},"end":{"line":49,"column":5}},"line":47},"5":{"name":"(anonymous_5)","decl":{"start":{"line":51,"column":12},"end":{"line":51,"column":13}},"loc":{"start":{"line":51,"column":18},"end":{"line":65,"column":3}},"line":51},"6":{"name":"(anonymous_6)","decl":{"start":{"line":56,"column":6},"end":{"line":56,"column":7}},"loc":{"start":{"line":56,"column":32},"end":{"line":59,"column":7}},"line":56},"7":{"name":"(anonymous_7)","decl":{"start":{"line":60,"column":6},"end":{"line":60,"column":7}},"loc":{"start":{"line":60,"column":19},"end":{"line":63,"column":7}},"line":60},"8":{"name":"(anonymous_8)","decl":{"start":{"line":82,"column":22},"end":{"line":82,"column":23}},"loc":{"start":{"line":82,"column":33},"end":{"line":84,"column":9}},"line":82}},"branchMap":{"0":{"loc":{"start":{"line":27,"column":16},"end":{"line":27,"column":35}},"type":"default-arg","locations":[{"start":{"line":27,"column":33},"end":{"line":27,"column":35}}],"line":27},"1":{"loc":{"start":{"line":32,"column":25},"end":{"line":32,"column":42}},"type":"default-arg","locations":[{"start":{"line":32,"column":40},"end":{"line":32,"column":42}}],"line":32},"2":{"loc":{"start":{"line":72,"column":15},"end":{"line":72,"column":60}},"type":"cond-expr","locations":[{"start":{"line":72,"column":39},"end":{"line":72,"column":48}},{"start":{"line":72,"column":51},"end":{"line":72,"column":60}}],"line":72},"3":{"loc":{"start":{"line":72,"column":15},"end":{"line":72,"column":36}},"type":"binary-expr","locations":[{"start":{"line":72,"column":15},"end":{"line":72,"column":24}},{"start":{"line":72,"column":28},"end":{"line":72,"column":36}}],"line":72}},"s":{"0":1,"1":2,"2":2,"3":2,"4":2,"5":2,"6":2,"7":0,"8":2,"9":0,"10":0,"11":2,"12":1,"13":0,"14":2,"15":2,"16":0,"17":0,"18":0,"19":0,"20":2,"21":0},"f":{"0":2,"1":0,"2":0,"3":1,"4":0,"5":2,"6":0,"7":0,"8":0},"b":{"0":[2],"1":[2],"2":[0,2],"3":[2,2]},"_coverageSchema":"43e27e138ebf9cfc5966b082cf9a028302ed4184","hash":"a52e2d22b2622b35bc4113f66c0f5c77f3d59156"}
,"/Users/rafaelmarquesdovale/Projetos/ReactNative/goBarber-app/src/hooks/auth.tsx": {"path":"/Users/rafaelmarquesdovale/Projetos/ReactNative/goBarber-app/src/hooks/auth.tsx","statementMap":{"0":{"start":{"line":34,"column":20},"end":{"line":34,"column":73}},"1":{"start":{"line":35,"column":31},"end":{"line":96,"column":1}},"2":{"start":{"line":36,"column":26},"end":{"line":36,"column":62}},"3":{"start":{"line":37,"column":32},"end":{"line":37,"column":46}},"4":{"start":{"line":39,"column":2},"end":{"line":53,"column":9}},"5":{"start":{"line":41,"column":28},"end":{"line":44,"column":8}},"6":{"start":{"line":46,"column":6},"end":{"line":49,"column":7}},"7":{"start":{"line":47,"column":8},"end":{"line":47,"column":66}},"8":{"start":{"line":48,"column":8},"end":{"line":48,"column":64}},"9":{"start":{"line":50,"column":6},"end":{"line":50,"column":24}},"10":{"start":{"line":52,"column":4},"end":{"line":52,"column":22}},"11":{"start":{"line":55,"column":17},"end":{"line":69,"column":8}},"12":{"start":{"line":56,"column":21},"end":{"line":59,"column":6}},"13":{"start":{"line":60,"column":28},"end":{"line":60,"column":41}},"14":{"start":{"line":62,"column":4},"end":{"line":65,"column":7}},"15":{"start":{"line":67,"column":4},"end":{"line":67,"column":59}},"16":{"start":{"line":68,"column":4},"end":{"line":68,"column":29}},"17":{"start":{"line":71,"column":18},"end":{"line":75,"column":8}},"18":{"start":{"line":72,"column":4},"end":{"line":72,"column":74}},"19":{"start":{"line":74,"column":4},"end":{"line":74,"column":29}},"20":{"start":{"line":77,"column":21},"end":{"line":87,"column":3}},"21":{"start":{"line":79,"column":6},"end":{"line":79,"column":73}},"22":{"start":{"line":81,"column":6},"end":{"line":84,"column":9}},"23":{"start":{"line":89,"column":2},"end":{"line":95,"column":4}},"24":{"start":{"line":99,"column":18},"end":{"line":99,"column":41}},"25":{"start":{"line":101,"column":2},"end":{"line":103,"column":3}},"26":{"start":{"line":102,"column":4},"end":{"line":102,"column":67}},"27":{"start":{"line":105,"column":2},"end":{"line":105,"column":17}}},"fnMap":{"0":{"name":"(anonymous_0)","decl":{"start":{"line":35,"column":31},"end":{"line":35,"column":32}},"loc":{"start":{"line":35,"column":49},"end":{"line":96,"column":1}},"line":35},"1":{"name":"(anonymous_1)","decl":{"start":{"line":39,"column":12},"end":{"line":39,"column":13}},"loc":{"start":{"line":39,"column":18},"end":{"line":53,"column":3}},"line":39},"2":{"name":"loadStorageData","decl":{"start":{"line":40,"column":19},"end":{"line":40,"column":34}},"loc":{"start":{"line":40,"column":52},"end":{"line":51,"column":5}},"line":40},"3":{"name":"(anonymous_3)","decl":{"start":{"line":55,"column":29},"end":{"line":55,"column":30}},"loc":{"start":{"line":55,"column":60},"end":{"line":69,"column":3}},"line":55},"4":{"name":"(anonymous_4)","decl":{"start":{"line":71,"column":30},"end":{"line":71,"column":31}},"loc":{"start":{"line":71,"column":42},"end":{"line":75,"column":3}},"line":71},"5":{"name":"(anonymous_5)","decl":{"start":{"line":78,"column":4},"end":{"line":78,"column":5}},"loc":{"start":{"line":78,"column":26},"end":{"line":85,"column":5}},"line":78},"6":{"name":"useAuth","decl":{"start":{"line":98,"column":9},"end":{"line":98,"column":16}},"loc":{"start":{"line":98,"column":36},"end":{"line":106,"column":1}},"line":98}},"branchMap":{"0":{"loc":{"start":{"line":46,"column":6},"end":{"line":49,"column":7}},"type":"if","locations":[{"start":{"line":46,"column":6},"end":{"line":49,"column":7}},{"start":{"line":46,"column":6},"end":{"line":49,"column":7}}],"line":46},"1":{"loc":{"start":{"line":46,"column":10},"end":{"line":46,"column":29}},"type":"binary-expr","locations":[{"start":{"line":46,"column":10},"end":{"line":46,"column":18}},{"start":{"line":46,"column":22},"end":{"line":46,"column":29}}],"line":46},"2":{"loc":{"start":{"line":101,"column":2},"end":{"line":103,"column":3}},"type":"if","locations":[{"start":{"line":101,"column":2},"end":{"line":103,"column":3}},{"start":{"line":101,"column":2},"end":{"line":103,"column":3}}],"line":101}},"s":{"0":1,"1":1,"2":0,"3":0,"4":0,"5":0,"6":0,"7":0,"8":0,"9":0,"10":0,"11":0,"12":0,"13":0,"14":0,"15":0,"16":0,"17":0,"18":0,"19":0,"20":0,"21":0,"22":0,"23":0,"24":1,"25":1,"26":0,"27":1},"f":{"0":0,"1":0,"2":0,"3":0,"4":0,"5":0,"6":1},"b":{"0":[0,0],"1":[0,0],"2":[0,1]},"_coverageSchema":"43e27e138ebf9cfc5966b082cf9a028302ed4184","hash":"02ad88683baad5c5e08c0e34924f3841e1fa52c9"}
,"/Users/rafaelmarquesdovale/Projetos/ReactNative/goBarber-app/src/hooks/index.tsx": {"path":"/Users/rafaelmarquesdovale/Projetos/ReactNative/goBarber-app/src/hooks/index.tsx","statementMap":{"0":{"start":{"line":5,"column":30},"end":{"line":7,"column":1}},"1":{"start":{"line":6,"column":2},"end":{"line":6,"column":41}}},"fnMap":{"0":{"name":"(anonymous_0)","decl":{"start":{"line":5,"column":30},"end":{"line":5,"column":31}},"loc":{"start":{"line":6,"column":2},"end":{"line":6,"column":41}},"line":6}},"branchMap":{},"s":{"0":0,"1":0},"f":{"0":0},"b":{},"hash":"77f6017ead426e991cd7a431ea4007d8f4628040"}
,"/Users/rafaelmarquesdovale/Projetos/ReactNative/goBarber-app/src/pages/AppointmentCreated/index.tsx": {"path":"/Users/rafaelmarquesdovale/Projetos/ReactNative/goBarber-app/src/pages/AppointmentCreated/index.tsx","statementMap":{"0":{"start":{"line":18,"column":37},"end":{"line":49,"column":1}},"1":{"start":{"line":19,"column":20},"end":{"line":19,"column":35}},"2":{"start":{"line":20,"column":21},"end":{"line":20,"column":31}},"3":{"start":{"line":22,"column":22},"end":{"line":22,"column":43}},"4":{"start":{"line":23,"column":26},"end":{"line":28,"column":13}},"5":{"start":{"line":24,"column":4},"end":{"line":27,"column":7}},"6":{"start":{"line":30,"column":24},"end":{"line":36,"column":24}},"7":{"start":{"line":31,"column":4},"end":{"line":35,"column":6}},"8":{"start":{"line":37,"column":2},"end":{"line":48,"column":4}}},"fnMap":{"0":{"name":"(anonymous_0)","decl":{"start":{"line":18,"column":37},"end":{"line":18,"column":38}},"loc":{"start":{"line":18,"column":43},"end":{"line":49,"column":1}},"line":18},"1":{"name":"(anonymous_1)","decl":{"start":{"line":23,"column":38},"end":{"line":23,"column":39}},"loc":{"start":{"line":23,"column":44},"end":{"line":28,"column":3}},"line":23},"2":{"name":"(anonymous_2)","decl":{"start":{"line":30,"column":32},"end":{"line":30,"column":33}},"loc":{"start":{"line":30,"column":38},"end":{"line":36,"column":3}},"line":30}},"branchMap":{},"s":{"0":0,"1":0,"2":0,"3":0,"4":0,"5":0,"6":0,"7":0,"8":0},"f":{"0":0,"1":0,"2":0},"b":{},"hash":"b69c657acd5c04be94447d8024235db6c6661210"}
,"/Users/rafaelmarquesdovale/Projetos/ReactNative/goBarber-app/src/pages/CreateAppointment/index.tsx": {"path":"/Users/rafaelmarquesdovale/Projetos/ReactNative/goBarber-app/src/pages/CreateAppointment/index.tsx","statementMap":{"0":{"start":{"line":50,"column":36},"end":{"line":259,"column":1}},"1":{"start":{"line":51,"column":19},"end":{"line":51,"column":28}},"2":{"start":{"line":52,"column":16},"end":{"line":52,"column":26}},"3":{"start":{"line":53,"column":31},"end":{"line":53,"column":46}},"4":{"start":{"line":55,"column":22},"end":{"line":55,"column":49}},"5":{"start":{"line":57,"column":42},"end":{"line":57,"column":74}},"6":{"start":{"line":58,"column":46},"end":{"line":58,"column":61}},"7":{"start":{"line":59,"column":42},"end":{"line":59,"column":62}},"8":{"start":{"line":60,"column":42},"end":{"line":60,"column":53}},"9":{"start":{"line":61,"column":36},"end":{"line":61,"column":60}},"10":{"start":{"line":62,"column":50},"end":{"line":64,"column":3}},"11":{"start":{"line":66,"column":2},"end":{"line":70,"column":9}},"12":{"start":{"line":67,"column":4},"end":{"line":69,"column":7}},"13":{"start":{"line":68,"column":6},"end":{"line":68,"column":34}},"14":{"start":{"line":71,"column":2},"end":{"line":71,"column":5}},"15":{"start":{"line":72,"column":2},"end":{"line":84,"column":39}},"16":{"start":{"line":73,"column":4},"end":{"line":83,"column":9}},"17":{"start":{"line":82,"column":8},"end":{"line":82,"column":39}},"18":{"start":{"line":86,"column":23},"end":{"line":88,"column":14}},"19":{"start":{"line":87,"column":4},"end":{"line":87,"column":13}},"20":{"start":{"line":90,"column":31},"end":{"line":92,"column":8}},"21":{"start":{"line":91,"column":4},"end":{"line":91,"column":36}},"22":{"start":{"line":94,"column":33},"end":{"line":96,"column":8}},"23":{"start":{"line":95,"column":4},"end":{"line":95,"column":41}},"24":{"start":{"line":95,"column":33},"end":{"line":95,"column":39}},"25":{"start":{"line":98,"column":28},"end":{"line":109,"column":3}},"26":{"start":{"line":100,"column":6},"end":{"line":102,"column":7}},"27":{"start":{"line":101,"column":8},"end":{"line":101,"column":33}},"28":{"start":{"line":104,"column":6},"end":{"line":106,"column":7}},"29":{"start":{"line":105,"column":8},"end":{"line":105,"column":30}},"30":{"start":{"line":111,"column":27},"end":{"line":113,"column":8}},"31":{"start":{"line":112,"column":4},"end":{"line":112,"column":26}},"32":{"start":{"line":115,"column":34},"end":{"line":134,"column":62}},"33":{"start":{"line":116,"column":4},"end":{"line":133,"column":5}},"34":{"start":{"line":117,"column":19},"end":{"line":117,"column":41}},"35":{"start":{"line":119,"column":6},"end":{"line":119,"column":34}},"36":{"start":{"line":120,"column":6},"end":{"line":120,"column":25}},"37":{"start":{"line":122,"column":6},"end":{"line":125,"column":9}},"38":{"start":{"line":127,"column":6},"end":{"line":127,"column":63}},"39":{"start":{"line":129,"column":6},"end":{"line":132,"column":8}},"40":{"start":{"line":136,"column":30},"end":{"line":147,"column":20}},"41":{"start":{"line":137,"column":4},"end":{"line":146,"column":9}},"42":{"start":{"line":138,"column":28},"end":{"line":138,"column":37}},"43":{"start":{"line":140,"column":8},"end":{"line":145,"column":10}},"44":{"start":{"line":149,"column":32},"end":{"line":160,"column":20}},"45":{"start":{"line":150,"column":4},"end":{"line":159,"column":9}},"46":{"start":{"line":151,"column":28},"end":{"line":151,"column":38}},"47":{"start":{"line":153,"column":8},"end":{"line":158,"column":10}},"48":{"start":{"line":161,"column":2},"end":{"line":258,"column":4}},"49":{"start":{"line":178,"column":40},"end":{"line":178,"column":51}},"50":{"start":{"line":180,"column":14},"end":{"line":188,"column":34}},"51":{"start":{"line":181,"column":31},"end":{"line":181,"column":64}},"52":{"start":{"line":218,"column":16},"end":{"line":228,"column":23}},"53":{"start":{"line":223,"column":33},"end":{"line":223,"column":55}},"54":{"start":{"line":237,"column":18},"end":{"line":247,"column":25}},"55":{"start":{"line":242,"column":35},"end":{"line":242,"column":57}}},"fnMap":{"0":{"name":"(anonymous_0)","decl":{"start":{"line":50,"column":36},"end":{"line":50,"column":37}},"loc":{"start":{"line":50,"column":42},"end":{"line":259,"column":1}},"line":50},"1":{"name":"(anonymous_1)","decl":{"start":{"line":66,"column":12},"end":{"line":66,"column":13}},"loc":{"start":{"line":66,"column":18},"end":{"line":70,"column":3}},"line":66},"2":{"name":"(anonymous_2)","decl":{"start":{"line":67,"column":30},"end":{"line":67,"column":31}},"loc":{"start":{"line":67,"column":44},"end":{"line":69,"column":5}},"line":67},"3":{"name":"(anonymous_3)","decl":{"start":{"line":72,"column":12},"end":{"line":72,"column":13}},"loc":{"start":{"line":72,"column":18},"end":{"line":84,"column":3}},"line":72},"4":{"name":"(anonymous_4)","decl":{"start":{"line":81,"column":12},"end":{"line":81,"column":13}},"loc":{"start":{"line":81,"column":26},"end":{"line":83,"column":7}},"line":81},"5":{"name":"(anonymous_5)","decl":{"start":{"line":86,"column":35},"end":{"line":86,"column":36}},"loc":{"start":{"line":86,"column":41},"end":{"line":88,"column":3}},"line":86},"6":{"name":"(anonymous_6)","decl":{"start":{"line":90,"column":43},"end":{"line":90,"column":44}},"loc":{"start":{"line":90,"column":67},"end":{"line":92,"column":3}},"line":90},"7":{"name":"(anonymous_7)","decl":{"start":{"line":94,"column":45},"end":{"line":94,"column":46}},"loc":{"start":{"line":94,"column":51},"end":{"line":96,"column":3}},"line":94},"8":{"name":"(anonymous_8)","decl":{"start":{"line":95,"column":22},"end":{"line":95,"column":23}},"loc":{"start":{"line":95,"column":33},"end":{"line":95,"column":39}},"line":95},"9":{"name":"(anonymous_9)","decl":{"start":{"line":99,"column":4},"end":{"line":99,"column":5}},"loc":{"start":{"line":99,"column":44},"end":{"line":107,"column":5}},"line":99},"10":{"name":"(anonymous_10)","decl":{"start":{"line":111,"column":39},"end":{"line":111,"column":40}},"loc":{"start":{"line":111,"column":57},"end":{"line":113,"column":3}},"line":111},"11":{"name":"(anonymous_11)","decl":{"start":{"line":115,"column":46},"end":{"line":115,"column":47}},"loc":{"start":{"line":115,"column":58},"end":{"line":134,"column":3}},"line":115},"12":{"name":"(anonymous_12)","decl":{"start":{"line":136,"column":38},"end":{"line":136,"column":39}},"loc":{"start":{"line":136,"column":44},"end":{"line":147,"column":3}},"line":136},"13":{"name":"(anonymous_13)","decl":{"start":{"line":138,"column":14},"end":{"line":138,"column":15}},"loc":{"start":{"line":138,"column":28},"end":{"line":138,"column":37}},"line":138},"14":{"name":"(anonymous_14)","decl":{"start":{"line":139,"column":11},"end":{"line":139,"column":12}},"loc":{"start":{"line":139,"column":36},"end":{"line":146,"column":7}},"line":139},"15":{"name":"(anonymous_15)","decl":{"start":{"line":149,"column":40},"end":{"line":149,"column":41}},"loc":{"start":{"line":149,"column":46},"end":{"line":160,"column":3}},"line":149},"16":{"name":"(anonymous_16)","decl":{"start":{"line":151,"column":14},"end":{"line":151,"column":15}},"loc":{"start":{"line":151,"column":28},"end":{"line":151,"column":38}},"line":151},"17":{"name":"(anonymous_17)","decl":{"start":{"line":152,"column":11},"end":{"line":152,"column":12}},"loc":{"start":{"line":152,"column":36},"end":{"line":159,"column":7}},"line":152},"18":{"name":"(anonymous_18)","decl":{"start":{"line":178,"column":26},"end":{"line":178,"column":27}},"loc":{"start":{"line":178,"column":40},"end":{"line":178,"column":51}},"line":178},"19":{"name":"(anonymous_19)","decl":{"start":{"line":179,"column":24},"end":{"line":179,"column":25}},"loc":{"start":{"line":180,"column":14},"end":{"line":188,"column":34}},"line":180},"20":{"name":"(anonymous_20)","decl":{"start":{"line":181,"column":25},"end":{"line":181,"column":26}},"loc":{"start":{"line":181,"column":31},"end":{"line":181,"column":64}},"line":181},"21":{"name":"(anonymous_21)","decl":{"start":{"line":217,"column":39},"end":{"line":217,"column":40}},"loc":{"start":{"line":218,"column":16},"end":{"line":228,"column":23}},"line":218},"22":{"name":"(anonymous_22)","decl":{"start":{"line":223,"column":27},"end":{"line":223,"column":28}},"loc":{"start":{"line":223,"column":33},"end":{"line":223,"column":55}},"line":223},"23":{"name":"(anonymous_23)","decl":{"start":{"line":236,"column":16},"end":{"line":236,"column":17}},"loc":{"start":{"line":237,"column":18},"end":{"line":247,"column":25}},"line":237},"24":{"name":"(anonymous_24)","decl":{"start":{"line":242,"column":29},"end":{"line":242,"column":30}},"loc":{"start":{"line":242,"column":35},"end":{"line":242,"column":57}},"line":242}},"branchMap":{"0":{"loc":{"start":{"line":100,"column":6},"end":{"line":102,"column":7}},"type":"if","locations":[{"start":{"line":100,"column":6},"end":{"line":102,"column":7}},{"start":{"line":100,"column":6},"end":{"line":102,"column":7}}],"line":100},"1":{"loc":{"start":{"line":104,"column":6},"end":{"line":106,"column":7}},"type":"if","locations":[{"start":{"line":104,"column":6},"end":{"line":106,"column":7}},{"start":{"line":104,"column":6},"end":{"line":106,"column":7}}],"line":104},"2":{"loc":{"start":{"line":201,"column":11},"end":{"line":209,"column":11}},"type":"binary-expr","locations":[{"start":{"line":201,"column":11},"end":{"line":201,"column":25}},{"start":{"line":202,"column":12},"end":{"line":208,"column":14}}],"line":201}},"s":{"0":0,"1":0,"2":0,"3":0,"4":0,"5":0,"6":0,"7":0,"8":0,"9":0,"10":0,"11":0,"12":0,"13":0,"14":0,"15":0,"16":0,"17":0,"18":0,"19":0,"20":0,"21":0,"22":0,"23":0,"24":0,"25":0,"26":0,"27":0,"28":0,"29":0,"30":0,"31":0,"32":0,"33":0,"34":0,"35":0,"36":0,"37":0,"38":0,"39":0,"40":0,"41":0,"42":0,"43":0,"44":0,"45":0,"46":0,"47":0,"48":0,"49":0,"50":0,"51":0,"52":0,"53":0,"54":0,"55":0},"f":{"0":0,"1":0,"2":0,"3":0,"4":0,"5":0,"6":0,"7":0,"8":0,"9":0,"10":0,"11":0,"12":0,"13":0,"14":0,"15":0,"16":0,"17":0,"18":0,"19":0,"20":0,"21":0,"22":0,"23":0,"24":0},"b":{"0":[0,0],"1":[0,0],"2":[0,0]},"hash":"e58bbe89ed684ef49cad4c0bf6ebdfbe0fffb05b"}
,"/Users/rafaelmarquesdovale/Projetos/ReactNative/goBarber-app/src/pages/Dashboard/index.tsx": {"path":"/Users/rafaelmarquesdovale/Projetos/ReactNative/goBarber-app/src/pages/Dashboard/index.tsx","statementMap":{"0":{"start":{"line":31,"column":28},"end":{"line":96,"column":1}},"1":{"start":{"line":32,"column":36},"end":{"line":32,"column":60}},"2":{"start":{"line":34,"column":19},"end":{"line":34,"column":28}},"3":{"start":{"line":35,"column":23},"end":{"line":35,"column":38}},"4":{"start":{"line":37,"column":2},"end":{"line":41,"column":9}},"5":{"start":{"line":38,"column":4},"end":{"line":40,"column":7}},"6":{"start":{"line":39,"column":6},"end":{"line":39,"column":34}},"7":{"start":{"line":43,"column":28},"end":{"line":45,"column":16}},"8":{"start":{"line":44,"column":4},"end":{"line":44,"column":24}},"9":{"start":{"line":47,"column":38},"end":{"line":52,"column":3}},"10":{"start":{"line":49,"column":6},"end":{"line":49,"column":52}},"11":{"start":{"line":54,"column":2},"end":{"line":95,"column":4}},"12":{"start":{"line":68,"column":36},"end":{"line":68,"column":47}},"13":{"start":{"line":73,"column":10},"end":{"line":91,"column":30}},"14":{"start":{"line":74,"column":27},"end":{"line":74,"column":67}}},"fnMap":{"0":{"name":"(anonymous_0)","decl":{"start":{"line":31,"column":28},"end":{"line":31,"column":29}},"loc":{"start":{"line":31,"column":34},"end":{"line":96,"column":1}},"line":31},"1":{"name":"(anonymous_1)","decl":{"start":{"line":37,"column":12},"end":{"line":37,"column":13}},"loc":{"start":{"line":37,"column":18},"end":{"line":41,"column":3}},"line":37},"2":{"name":"(anonymous_2)","decl":{"start":{"line":38,"column":30},"end":{"line":38,"column":31}},"loc":{"start":{"line":38,"column":44},"end":{"line":40,"column":5}},"line":38},"3":{"name":"(anonymous_3)","decl":{"start":{"line":43,"column":40},"end":{"line":43,"column":41}},"loc":{"start":{"line":43,"column":46},"end":{"line":45,"column":3}},"line":43},"4":{"name":"(anonymous_4)","decl":{"start":{"line":48,"column":4},"end":{"line":48,"column":5}},"loc":{"start":{"line":48,"column":28},"end":{"line":50,"column":5}},"line":48},"5":{"name":"(anonymous_5)","decl":{"start":{"line":68,"column":22},"end":{"line":68,"column":23}},"loc":{"start":{"line":68,"column":36},"end":{"line":68,"column":47}},"line":68},"6":{"name":"(anonymous_6)","decl":{"start":{"line":72,"column":20},"end":{"line":72,"column":21}},"loc":{"start":{"line":73,"column":10},"end":{"line":91,"column":30}},"line":73},"7":{"name":"(anonymous_7)","decl":{"start":{"line":74,"column":21},"end":{"line":74,"column":22}},"loc":{"start":{"line":74,"column":27},"end":{"line":74,"column":67}},"line":74}},"branchMap":{},"s":{"0":0,"1":0,"2":0,"3":0,"4":0,"5":0,"6":0,"7":0,"8":0,"9":0,"10":0,"11":0,"12":0,"13":0,"14":0},"f":{"0":0,"1":0,"2":0,"3":0,"4":0,"5":0,"6":0,"7":0},"b":{},"hash":"16f932f698f9a0b6187536a102046bd01870206d"}
,"/Users/rafaelmarquesdovale/Projetos/ReactNative/goBarber-app/src/pages/Profile/index.tsx": {"path":"/Users/rafaelmarquesdovale/Projetos/ReactNative/goBarber-app/src/pages/Profile/index.tsx","statementMap":{"0":{"start":{"line":41,"column":25},"end":{"line":245,"column":1}},"1":{"start":{"line":42,"column":31},"end":{"line":42,"column":40}},"2":{"start":{"line":43,"column":18},"end":{"line":43,"column":43}},"3":{"start":{"line":44,"column":21},"end":{"line":44,"column":36}},"4":{"start":{"line":46,"column":24},"end":{"line":46,"column":47}},"5":{"start":{"line":47,"column":30},"end":{"line":47,"column":53}},"6":{"start":{"line":48,"column":27},"end":{"line":48,"column":50}},"7":{"start":{"line":49,"column":34},"end":{"line":49,"column":57}},"8":{"start":{"line":51,"column":23},"end":{"line":114,"column":3}},"9":{"start":{"line":53,"column":6},"end":{"line":111,"column":7}},"10":{"start":{"line":54,"column":8},"end":{"line":54,"column":39}},"11":{"start":{"line":56,"column":23},"end":{"line":74,"column":10}},"12":{"start":{"line":63,"column":25},"end":{"line":63,"column":37}},"13":{"start":{"line":69,"column":27},"end":{"line":69,"column":39}},"14":{"start":{"line":76,"column":8},"end":{"line":78,"column":11}},"15":{"start":{"line":86,"column":12},"end":{"line":86,"column":16}},"16":{"start":{"line":88,"column":25},"end":{"line":94,"column":9}},"17":{"start":{"line":96,"column":25},"end":{"line":96,"column":60}},"18":{"start":{"line":97,"column":8},"end":{"line":97,"column":34}},"19":{"start":{"line":98,"column":8},"end":{"line":98,"column":54}},"20":{"start":{"line":100,"column":8},"end":{"line":100,"column":28}},"21":{"start":{"line":102,"column":8},"end":{"line":106,"column":9}},"22":{"start":{"line":103,"column":25},"end":{"line":103,"column":49}},"23":{"start":{"line":104,"column":10},"end":{"line":104,"column":45}},"24":{"start":{"line":105,"column":10},"end":{"line":105,"column":17}},"25":{"start":{"line":107,"column":8},"end":{"line":110,"column":10}},"26":{"start":{"line":116,"column":29},"end":{"line":146,"column":27}},"27":{"start":{"line":117,"column":4},"end":{"line":145,"column":6}},"28":{"start":{"line":125,"column":8},"end":{"line":127,"column":9}},"29":{"start":{"line":126,"column":10},"end":{"line":126,"column":17}},"30":{"start":{"line":129,"column":8},"end":{"line":132,"column":9}},"31":{"start":{"line":130,"column":10},"end":{"line":130,"column":54}},"32":{"start":{"line":131,"column":10},"end":{"line":131,"column":17}},"33":{"start":{"line":133,"column":21},"end":{"line":133,"column":35}},"34":{"start":{"line":135,"column":8},"end":{"line":139,"column":11}},"35":{"start":{"line":141,"column":8},"end":{"line":143,"column":11}},"36":{"start":{"line":142,"column":10},"end":{"line":142,"column":39}},"37":{"start":{"line":148,"column":23},"end":{"line":150,"column":18}},"38":{"start":{"line":149,"column":4},"end":{"line":149,"column":24}},"39":{"start":{"line":151,"column":2},"end":{"line":244,"column":4}},"40":{"start":{"line":180,"column":18},"end":{"line":180,"column":49}},"41":{"start":{"line":194,"column":18},"end":{"line":194,"column":55}},"42":{"start":{"line":208,"column":18},"end":{"line":208,"column":52}},"43":{"start":{"line":221,"column":18},"end":{"line":221,"column":59}},"44":{"start":{"line":233,"column":39},"end":{"line":233,"column":68}},"45":{"start":{"line":236,"column":37},"end":{"line":236,"column":66}}},"fnMap":{"0":{"name":"(anonymous_0)","decl":{"start":{"line":41,"column":25},"end":{"line":41,"column":26}},"loc":{"start":{"line":41,"column":31},"end":{"line":245,"column":1}},"line":41},"1":{"name":"(anonymous_1)","decl":{"start":{"line":52,"column":4},"end":{"line":52,"column":5}},"loc":{"start":{"line":52,"column":37},"end":{"line":112,"column":5}},"line":52},"2":{"name":"(anonymous_2)","decl":{"start":{"line":63,"column":16},"end":{"line":63,"column":17}},"loc":{"start":{"line":63,"column":25},"end":{"line":63,"column":37}},"line":63},"3":{"name":"(anonymous_3)","decl":{"start":{"line":69,"column":18},"end":{"line":69,"column":19}},"loc":{"start":{"line":69,"column":27},"end":{"line":69,"column":39}},"line":69},"4":{"name":"(anonymous_4)","decl":{"start":{"line":116,"column":41},"end":{"line":116,"column":42}},"loc":{"start":{"line":116,"column":47},"end":{"line":146,"column":3}},"line":116},"5":{"name":"(anonymous_5)","decl":{"start":{"line":124,"column":6},"end":{"line":124,"column":7}},"loc":{"start":{"line":124,"column":20},"end":{"line":144,"column":7}},"line":124},"6":{"name":"(anonymous_6)","decl":{"start":{"line":141,"column":45},"end":{"line":141,"column":46}},"loc":{"start":{"line":141,"column":62},"end":{"line":143,"column":9}},"line":141},"7":{"name":"(anonymous_7)","decl":{"start":{"line":148,"column":35},"end":{"line":148,"column":36}},"loc":{"start":{"line":148,"column":41},"end":{"line":150,"column":3}},"line":148},"8":{"name":"(anonymous_8)","decl":{"start":{"line":179,"column":33},"end":{"line":179,"column":34}},"loc":{"start":{"line":179,"column":39},"end":{"line":181,"column":17}},"line":179},"9":{"name":"(anonymous_9)","decl":{"start":{"line":193,"column":33},"end":{"line":193,"column":34}},"loc":{"start":{"line":193,"column":39},"end":{"line":195,"column":17}},"line":193},"10":{"name":"(anonymous_10)","decl":{"start":{"line":207,"column":33},"end":{"line":207,"column":34}},"loc":{"start":{"line":207,"column":39},"end":{"line":209,"column":17}},"line":207},"11":{"name":"(anonymous_11)","decl":{"start":{"line":220,"column":33},"end":{"line":220,"column":34}},"loc":{"start":{"line":220,"column":39},"end":{"line":222,"column":17}},"line":220},"12":{"name":"(anonymous_12)","decl":{"start":{"line":233,"column":33},"end":{"line":233,"column":34}},"loc":{"start":{"line":233,"column":39},"end":{"line":233,"column":68}},"line":233},"13":{"name":"(anonymous_13)","decl":{"start":{"line":236,"column":31},"end":{"line":236,"column":32}},"loc":{"start":{"line":236,"column":37},"end":{"line":236,"column":66}},"line":236}},"branchMap":{"0":{"loc":{"start":{"line":91,"column":14},"end":{"line":93,"column":16}},"type":"cond-expr","locations":[{"start":{"line":92,"column":14},"end":{"line":92,"column":63}},{"start":{"line":93,"column":14},"end":{"line":93,"column":16}}],"line":91},"1":{"loc":{"start":{"line":102,"column":8},"end":{"line":106,"column":9}},"type":"if","locations":[{"start":{"line":102,"column":8},"end":{"line":106,"column":9}},{"start":{"line":102,"column":8},"end":{"line":106,"column":9}}],"line":102},"2":{"loc":{"start":{"line":125,"column":8},"end":{"line":127,"column":9}},"type":"if","locations":[{"start":{"line":125,"column":8},"end":{"line":127,"column":9}},{"start":{"line":125,"column":8},"end":{"line":127,"column":9}}],"line":125},"3":{"loc":{"start":{"line":129,"column":8},"end":{"line":132,"column":9}},"type":"if","locations":[{"start":{"line":129,"column":8},"end":{"line":132,"column":9}},{"start":{"line":129,"column":8},"end":{"line":132,"column":9}}],"line":129},"4":{"loc":{"start":{"line":155,"column":18},"end":{"line":155,"column":63}},"type":"cond-expr","locations":[{"start":{"line":155,"column":42},"end":{"line":155,"column":51}},{"start":{"line":155,"column":54},"end":{"line":155,"column":63}}],"line":155}},"s":{"0":0,"1":0,"2":0,"3":0,"4":0,"5":0,"6":0,"7":0,"8":0,"9":0,"10":0,"11":0,"12":0,"13":0,"14":0,"15":0,"16":0,"17":0,"18":0,"19":0,"20":0,"21":0,"22":0,"23":0,"24":0,"25":0,"26":0,"27":0,"28":0,"29":0,"30":0,"31":0,"32":0,"33":0,"34":0,"35":0,"36":0,"37":0,"38":0,"39":0,"40":0,"41":0,"42":0,"43":0,"44":0,"45":0},"f":{"0":0,"1":0,"2":0,"3":0,"4":0,"5":0,"6":0,"7":0,"8":0,"9":0,"10":0,"11":0,"12":0,"13":0},"b":{"0":[0,0],"1":[0,0],"2":[0,0],"3":[0,0],"4":[0,0]},"hash":"b3fb234f0a00ecba6ce7d1ba1f33de9cf5021083"}
,"/Users/rafaelmarquesdovale/Projetos/ReactNative/goBarber-app/src/pages/SignIn/index.tsx": {"path":"/Users/rafaelmarquesdovale/Projetos/ReactNative/goBarber-app/src/pages/SignIn/index.tsx","statementMap":{"0":{"start":{"line":41,"column":25},"end":{"line":153,"column":1}},"1":{"start":{"line":42,"column":18},"end":{"line":42,"column":43}},"2":{"start":{"line":43,"column":27},"end":{"line":43,"column":50}},"3":{"start":{"line":44,"column":21},"end":{"line":44,"column":36}},"4":{"start":{"line":46,"column":21},"end":{"line":46,"column":30}},"5":{"start":{"line":48,"column":23},"end":{"line":80,"column":3}},"6":{"start":{"line":50,"column":6},"end":{"line":77,"column":7}},"7":{"start":{"line":51,"column":8},"end":{"line":51,"column":39}},"8":{"start":{"line":52,"column":23},"end":{"line":57,"column":10}},"9":{"start":{"line":59,"column":8},"end":{"line":61,"column":11}},"10":{"start":{"line":62,"column":8},"end":{"line":65,"column":11}},"11":{"start":{"line":67,"column":8},"end":{"line":71,"column":9}},"12":{"start":{"line":68,"column":25},"end":{"line":68,"column":49}},"13":{"start":{"line":69,"column":10},"end":{"line":69,"column":45}},"14":{"start":{"line":70,"column":10},"end":{"line":70,"column":17}},"15":{"start":{"line":73,"column":8},"end":{"line":76,"column":10}},"16":{"start":{"line":82,"column":2},"end":{"line":152,"column":4}},"17":{"start":{"line":109,"column":18},"end":{"line":109,"column":52}},"18":{"start":{"line":121,"column":18},"end":{"line":121,"column":48}},"19":{"start":{"line":127,"column":18},"end":{"line":127,"column":48}},"20":{"start":{"line":135,"column":16},"end":{"line":135,"column":39}},"21":{"start":{"line":145,"column":10},"end":{"line":145,"column":40}}},"fnMap":{"0":{"name":"(anonymous_0)","decl":{"start":{"line":41,"column":25},"end":{"line":41,"column":26}},"loc":{"start":{"line":41,"column":31},"end":{"line":153,"column":1}},"line":41},"1":{"name":"(anonymous_1)","decl":{"start":{"line":49,"column":4},"end":{"line":49,"column":5}},"loc":{"start":{"line":49,"column":36},"end":{"line":78,"column":5}},"line":49},"2":{"name":"(anonymous_2)","decl":{"start":{"line":108,"column":33},"end":{"line":108,"column":34}},"loc":{"start":{"line":108,"column":39},"end":{"line":110,"column":17}},"line":108},"3":{"name":"(anonymous_3)","decl":{"start":{"line":120,"column":33},"end":{"line":120,"column":34}},"loc":{"start":{"line":120,"column":39},"end":{"line":122,"column":17}},"line":120},"4":{"name":"(anonymous_4)","decl":{"start":{"line":126,"column":25},"end":{"line":126,"column":26}},"loc":{"start":{"line":126,"column":31},"end":{"line":128,"column":17}},"line":126},"5":{"name":"(anonymous_5)","decl":{"start":{"line":134,"column":23},"end":{"line":134,"column":24}},"loc":{"start":{"line":134,"column":29},"end":{"line":136,"column":15}},"line":134},"6":{"name":"(anonymous_6)","decl":{"start":{"line":144,"column":17},"end":{"line":144,"column":18}},"loc":{"start":{"line":144,"column":23},"end":{"line":146,"column":9}},"line":144}},"branchMap":{"0":{"loc":{"start":{"line":67,"column":8},"end":{"line":71,"column":9}},"type":"if","locations":[{"start":{"line":67,"column":8},"end":{"line":71,"column":9}},{"start":{"line":67,"column":8},"end":{"line":71,"column":9}}],"line":67},"1":{"loc":{"start":{"line":86,"column":18},"end":{"line":86,"column":63}},"type":"cond-expr","locations":[{"start":{"line":86,"column":42},"end":{"line":86,"column":51}},{"start":{"line":86,"column":54},"end":{"line":86,"column":63}}],"line":86}},"s":{"0":1,"1":1,"2":1,"3":1,"4":1,"5":1,"6":0,"7":0,"8":0,"9":0,"10":0,"11":0,"12":0,"13":0,"14":0,"15":0,"16":1,"17":0,"18":0,"19":0,"20":0,"21":0},"f":{"0":1,"1":0,"2":0,"3":0,"4":0,"5":0,"6":0},"b":{"0":[0,0],"1":[1,0]},"_coverageSchema":"43e27e138ebf9cfc5966b082cf9a028302ed4184","hash":"a875b72a495359a38bbdd1aa7fc4cc7b2c1f5650"}
,"/Users/rafaelmarquesdovale/Projetos/ReactNative/goBarber-app/src/pages/SignUp/index.tsx": {"path":"/Users/rafaelmarquesdovale/Projetos/ReactNative/goBarber-app/src/pages/SignUp/index.tsx","statementMap":{"0":{"start":{"line":33,"column":25},"end":{"line":149,"column":1}},"1":{"start":{"line":34,"column":18},"end":{"line":34,"column":43}},"2":{"start":{"line":35,"column":21},"end":{"line":35,"column":36}},"3":{"start":{"line":37,"column":24},"end":{"line":37,"column":47}},"4":{"start":{"line":38,"column":27},"end":{"line":38,"column":50}},"5":{"start":{"line":40,"column":23},"end":{"line":79,"column":3}},"6":{"start":{"line":42,"column":6},"end":{"line":76,"column":7}},"7":{"start":{"line":43,"column":8},"end":{"line":43,"column":39}},"8":{"start":{"line":45,"column":23},"end":{"line":51,"column":10}},"9":{"start":{"line":53,"column":8},"end":{"line":55,"column":11}},"10":{"start":{"line":57,"column":8},"end":{"line":57,"column":39}},"11":{"start":{"line":59,"column":8},"end":{"line":62,"column":10}},"12":{"start":{"line":64,"column":8},"end":{"line":64,"column":28}},"13":{"start":{"line":66,"column":8},"end":{"line":70,"column":9}},"14":{"start":{"line":67,"column":25},"end":{"line":67,"column":49}},"15":{"start":{"line":68,"column":10},"end":{"line":68,"column":45}},"16":{"start":{"line":69,"column":10},"end":{"line":69,"column":17}},"17":{"start":{"line":71,"column":8},"end":{"line":71,"column":25}},"18":{"start":{"line":72,"column":8},"end":{"line":75,"column":10}},"19":{"start":{"line":80,"column":2},"end":{"line":148,"column":4}},"20":{"start":{"line":104,"column":18},"end":{"line":104,"column":49}},"21":{"start":{"line":118,"column":18},"end":{"line":118,"column":52}},"22":{"start":{"line":129,"column":39},"end":{"line":129,"column":68}},"23":{"start":{"line":132,"column":37},"end":{"line":132,"column":66}},"24":{"start":{"line":141,"column":10},"end":{"line":141,"column":40}}},"fnMap":{"0":{"name":"(anonymous_0)","decl":{"start":{"line":33,"column":25},"end":{"line":33,"column":26}},"loc":{"start":{"line":33,"column":31},"end":{"line":149,"column":1}},"line":33},"1":{"name":"(anonymous_1)","decl":{"start":{"line":41,"column":4},"end":{"line":41,"column":5}},"loc":{"start":{"line":41,"column":36},"end":{"line":77,"column":5}},"line":41},"2":{"name":"(anonymous_2)","decl":{"start":{"line":103,"column":33},"end":{"line":103,"column":34}},"loc":{"start":{"line":103,"column":39},"end":{"line":105,"column":17}},"line":103},"3":{"name":"(anonymous_3)","decl":{"start":{"line":117,"column":33},"end":{"line":117,"column":34}},"loc":{"start":{"line":117,"column":39},"end":{"line":119,"column":17}},"line":117},"4":{"name":"(anonymous_4)","decl":{"start":{"line":129,"column":33},"end":{"line":129,"column":34}},"loc":{"start":{"line":129,"column":39},"end":{"line":129,"column":68}},"line":129},"5":{"name":"(anonymous_5)","decl":{"start":{"line":132,"column":31},"end":{"line":132,"column":32}},"loc":{"start":{"line":132,"column":37},"end":{"line":132,"column":66}},"line":132},"6":{"name":"(anonymous_6)","decl":{"start":{"line":140,"column":17},"end":{"line":140,"column":18}},"loc":{"start":{"line":140,"column":23},"end":{"line":142,"column":9}},"line":140}},"branchMap":{"0":{"loc":{"start":{"line":66,"column":8},"end":{"line":70,"column":9}},"type":"if","locations":[{"start":{"line":66,"column":8},"end":{"line":70,"column":9}},{"start":{"line":66,"column":8},"end":{"line":70,"column":9}}],"line":66},"1":{"loc":{"start":{"line":84,"column":18},"end":{"line":84,"column":63}},"type":"cond-expr","locations":[{"start":{"line":84,"column":42},"end":{"line":84,"column":51}},{"start":{"line":84,"column":54},"end":{"line":84,"column":63}}],"line":84}},"s":{"0":0,"1":0,"2":0,"3":0,"4":0,"5":0,"6":0,"7":0,"8":0,"9":0,"10":0,"11":0,"12":0,"13":0,"14":0,"15":0,"16":0,"17":0,"18":0,"19":0,"20":0,"21":0,"22":0,"23":0,"24":0},"f":{"0":0,"1":0,"2":0,"3":0,"4":0,"5":0,"6":0},"b":{"0":[0,0],"1":[0,0]},"hash":"9d763ebc0150bbb6a5aff289f77aaf98725a5c76"}
}
