TN:
SF:/Users/rafaelmarquesdovale/Projetos/ReactNative/goBarber-app/src/components/Button/index.tsx
FN:10,(anonymous_0)
FNF:1
FNH:1
FNDA:1,(anonymous_0)
DA:10,1
DA:11,1
LF:2
LH:2
BRF:0
BRH:0
end_of_record
TN:
SF:/Users/rafaelmarquesdovale/Projetos/ReactNative/goBarber-app/src/components/Input/index.tsx
FN:26,(anonymous_0)
FN:38,(anonymous_1)
FN:41,(anonymous_2)
FN:46,(anonymous_3)
FN:47,(anonymous_4)
FN:51,(anonymous_5)
FN:56,(anonymous_6)
FN:60,(anonymous_7)
FN:82,(anonymous_8)
FNF:9
FNH:3
FNDA:2,(anonymous_0)
FNDA:0,(anonymous_1)
FNDA:0,(anonymous_2)
FNDA:1,(anonymous_3)
FNDA:0,(anonymous_4)
FNDA:2,(anonymous_5)
FNDA:0,(anonymous_6)
FNDA:0,(anonymous_7)
FNDA:0,(anonymous_8)
DA:26,1
DA:30,2
DA:32,2
DA:33,2
DA:35,2
DA:36,2
DA:38,2
DA:39,0
DA:41,2
DA:42,0
DA:43,0
DA:46,2
DA:48,0
DA:51,2
DA:52,2
DA:57,0
DA:58,0
DA:61,0
DA:62,0
DA:67,2
DA:83,0
LF:21
LH:12
BRDA:27,0,0,2
BRDA:32,1,0,2
BRDA:72,2,0,0
BRDA:72,2,1,2
BRDA:72,3,0,2
BRDA:72,3,1,2
BRF:6
BRH:5
end_of_record
TN:
SF:/Users/rafaelmarquesdovale/Projetos/ReactNative/goBarber-app/src/hooks/auth.tsx
FN:35,(anonymous_0)
FN:39,(anonymous_1)
FN:40,loadStorageData
FN:55,(anonymous_3)
FN:71,(anonymous_4)
FN:78,(anonymous_5)
FN:98,useAuth
FNF:7
FNH:1
FNDA:0,(anonymous_0)
FNDA:0,(anonymous_1)
FNDA:0,loadStorageData
FNDA:0,(anonymous_3)
FNDA:0,(anonymous_4)
FNDA:0,(anonymous_5)
FNDA:1,useAuth
DA:34,1
DA:35,1
DA:36,0
DA:37,0
DA:39,0
DA:41,0
DA:46,0
DA:47,0
DA:48,0
DA:50,0
DA:52,0
DA:55,0
DA:56,0
DA:60,0
DA:62,0
DA:67,0
DA:68,0
DA:71,0
DA:72,0
DA:74,0
DA:77,0
DA:79,0
DA:81,0
DA:89,0
DA:99,1
DA:101,1
DA:102,0
DA:105,1
LF:28
LH:5
BRDA:46,0,0,0
BRDA:46,0,1,0
BRDA:46,1,0,0
BRDA:46,1,1,0
BRDA:101,2,0,0
BRDA:101,2,1,1
BRF:6
BRH:1
end_of_record
TN:
SF:/Users/rafaelmarquesdovale/Projetos/ReactNative/goBarber-app/src/hooks/index.tsx
FN:5,(anonymous_0)
FNF:1
FNH:0
FNDA:0,(anonymous_0)
DA:5,0
DA:6,0
LF:2
LH:0
BRF:0
BRH:0
end_of_record
TN:
SF:/Users/rafaelmarquesdovale/Projetos/ReactNative/goBarber-app/src/pages/AppointmentCreated/index.tsx
FN:18,(anonymous_0)
FN:23,(anonymous_1)
FN:30,(anonymous_2)
FNF:3
FNH:0
FNDA:0,(anonymous_0)
FNDA:0,(anonymous_1)
FNDA:0,(anonymous_2)
DA:18,0
DA:19,0
DA:20,0
DA:22,0
DA:23,0
DA:24,0
DA:30,0
DA:31,0
DA:37,0
LF:9
LH:0
BRF:0
BRH:0
end_of_record
TN:
SF:/Users/rafaelmarquesdovale/Projetos/ReactNative/goBarber-app/src/pages/CreateAppointment/index.tsx
FN:50,(anonymous_0)
FN:66,(anonymous_1)
FN:67,(anonymous_2)
FN:72,(anonymous_3)
FN:81,(anonymous_4)
FN:86,(anonymous_5)
FN:90,(anonymous_6)
FN:94,(anonymous_7)
FN:95,(anonymous_8)
FN:99,(anonymous_9)
FN:111,(anonymous_10)
FN:115,(anonymous_11)
FN:136,(anonymous_12)
FN:138,(anonymous_13)
FN:139,(anonymous_14)
FN:149,(anonymous_15)
FN:151,(anonymous_16)
FN:152,(anonymous_17)
FN:178,(anonymous_18)
FN:179,(anonymous_19)
FN:181,(anonymous_20)
FN:217,(anonymous_21)
FN:223,(anonymous_22)
FN:236,(anonymous_23)
FN:242,(anonymous_24)
FNF:25
FNH:0
FNDA:0,(anonymous_0)
FNDA:0,(anonymous_1)
FNDA:0,(anonymous_2)
FNDA:0,(anonymous_3)
FNDA:0,(anonymous_4)
FNDA:0,(anonymous_5)
FNDA:0,(anonymous_6)
FNDA:0,(anonymous_7)
FNDA:0,(anonymous_8)
FNDA:0,(anonymous_9)
FNDA:0,(anonymous_10)
FNDA:0,(anonymous_11)
FNDA:0,(anonymous_12)
FNDA:0,(anonymous_13)
FNDA:0,(anonymous_14)
FNDA:0,(anonymous_15)
FNDA:0,(anonymous_16)
FNDA:0,(anonymous_17)
FNDA:0,(anonymous_18)
FNDA:0,(anonymous_19)
FNDA:0,(anonymous_20)
FNDA:0,(anonymous_21)
FNDA:0,(anonymous_22)
FNDA:0,(anonymous_23)
FNDA:0,(anonymous_24)
DA:50,0
DA:51,0
DA:52,0
DA:53,0
DA:55,0
DA:57,0
DA:58,0
DA:59,0
DA:60,0
DA:61,0
DA:62,0
DA:66,0
DA:67,0
DA:68,0
DA:71,0
DA:72,0
DA:73,0
DA:82,0
DA:86,0
DA:87,0
DA:90,0
DA:91,0
DA:94,0
DA:95,0
DA:98,0
DA:100,0
DA:101,0
DA:104,0
DA:105,0
DA:111,0
DA:112,0
DA:115,0
DA:116,0
DA:117,0
DA:119,0
DA:120,0
DA:122,0
DA:127,0
DA:129,0
DA:136,0
DA:137,0
DA:138,0
DA:140,0
DA:149,0
DA:150,0
DA:151,0
DA:153,0
DA:161,0
DA:178,0
DA:180,0
DA:181,0
DA:218,0
DA:223,0
DA:237,0
DA:242,0
LF:55
LH:0
BRDA:100,0,0,0
BRDA:100,0,1,0
BRDA:104,1,0,0
BRDA:104,1,1,0
BRDA:201,2,0,0
BRDA:201,2,1,0
BRF:6
BRH:0
end_of_record
TN:
SF:/Users/rafaelmarquesdovale/Projetos/ReactNative/goBarber-app/src/pages/Dashboard/index.tsx
FN:31,(anonymous_0)
FN:37,(anonymous_1)
FN:38,(anonymous_2)
FN:43,(anonymous_3)
FN:48,(anonymous_4)
FN:68,(anonymous_5)
FN:72,(anonymous_6)
FN:74,(anonymous_7)
FNF:8
FNH:0
FNDA:0,(anonymous_0)
FNDA:0,(anonymous_1)
FNDA:0,(anonymous_2)
FNDA:0,(anonymous_3)
FNDA:0,(anonymous_4)
FNDA:0,(anonymous_5)
FNDA:0,(anonymous_6)
FNDA:0,(anonymous_7)
DA:31,0
DA:32,0
DA:34,0
DA:35,0
DA:37,0
DA:38,0
DA:39,0
DA:43,0
DA:44,0
DA:47,0
DA:49,0
DA:54,0
DA:68,0
DA:73,0
DA:74,0
LF:15
LH:0
BRF:0
BRH:0
end_of_record
TN:
SF:/Users/rafaelmarquesdovale/Projetos/ReactNative/goBarber-app/src/pages/Profile/index.tsx
FN:41,(anonymous_0)
FN:52,(anonymous_1)
FN:63,(anonymous_2)
FN:69,(anonymous_3)
FN:116,(anonymous_4)
FN:124,(anonymous_5)
FN:141,(anonymous_6)
FN:148,(anonymous_7)
FN:179,(anonymous_8)
FN:193,(anonymous_9)
FN:207,(anonymous_10)
FN:220,(anonymous_11)
FN:233,(anonymous_12)
FN:236,(anonymous_13)
FNF:14
FNH:0
FNDA:0,(anonymous_0)
FNDA:0,(anonymous_1)
FNDA:0,(anonymous_2)
FNDA:0,(anonymous_3)
FNDA:0,(anonymous_4)
FNDA:0,(anonymous_5)
FNDA:0,(anonymous_6)
FNDA:0,(anonymous_7)
FNDA:0,(anonymous_8)
FNDA:0,(anonymous_9)
FNDA:0,(anonymous_10)
FNDA:0,(anonymous_11)
FNDA:0,(anonymous_12)
FNDA:0,(anonymous_13)
DA:41,0
DA:42,0
DA:43,0
DA:44,0
DA:46,0
DA:47,0
DA:48,0
DA:49,0
DA:51,0
DA:53,0
DA:54,0
DA:56,0
DA:63,0
DA:69,0
DA:76,0
DA:86,0
DA:88,0
DA:96,0
DA:97,0
DA:98,0
DA:100,0
DA:102,0
DA:103,0
DA:104,0
DA:105,0
DA:107,0
DA:116,0
DA:117,0
DA:125,0
DA:126,0
DA:129,0
DA:130,0
DA:131,0
DA:133,0
DA:135,0
DA:141,0
DA:142,0
DA:148,0
DA:149,0
DA:151,0
DA:180,0
DA:194,0
DA:208,0
DA:221,0
DA:233,0
DA:236,0
LF:46
LH:0
BRDA:91,0,0,0
BRDA:91,0,1,0
BRDA:102,1,0,0
BRDA:102,1,1,0
BRDA:125,2,0,0
BRDA:125,2,1,0
BRDA:129,3,0,0
BRDA:129,3,1,0
BRDA:155,4,0,0
BRDA:155,4,1,0
BRF:10
BRH:0
end_of_record
TN:
SF:/Users/rafaelmarquesdovale/Projetos/ReactNative/goBarber-app/src/pages/SignIn/index.tsx
FN:41,(anonymous_0)
FN:49,(anonymous_1)
FN:108,(anonymous_2)
FN:120,(anonymous_3)
FN:126,(anonymous_4)
FN:134,(anonymous_5)
FN:144,(anonymous_6)
FNF:7
FNH:1
FNDA:1,(anonymous_0)
FNDA:0,(anonymous_1)
FNDA:0,(anonymous_2)
FNDA:0,(anonymous_3)
FNDA:0,(anonymous_4)
FNDA:0,(anonymous_5)
FNDA:0,(anonymous_6)
DA:41,1
DA:42,1
DA:43,1
DA:44,1
DA:46,1
DA:48,1
DA:50,0
DA:51,0
DA:52,0
DA:59,0
DA:62,0
DA:67,0
DA:68,0
DA:69,0
DA:70,0
DA:73,0
DA:82,1
DA:109,0
DA:121,0
DA:127,0
DA:135,0
DA:145,0
LF:22
LH:7
BRDA:67,0,0,0
BRDA:67,0,1,0
BRDA:86,1,0,1
BRDA:86,1,1,0
BRF:4
BRH:1
end_of_record
TN:
SF:/Users/rafaelmarquesdovale/Projetos/ReactNative/goBarber-app/src/pages/SignUp/index.tsx
FN:33,(anonymous_0)
FN:41,(anonymous_1)
FN:103,(anonymous_2)
FN:117,(anonymous_3)
FN:129,(anonymous_4)
FN:132,(anonymous_5)
FN:140,(anonymous_6)
FNF:7
FNH:0
FNDA:0,(anonymous_0)
FNDA:0,(anonymous_1)
FNDA:0,(anonymous_2)
FNDA:0,(anonymous_3)
FNDA:0,(anonymous_4)
FNDA:0,(anonymous_5)
FNDA:0,(anonymous_6)
DA:33,0
DA:34,0
DA:35,0
DA:37,0
DA:38,0
DA:40,0
DA:42,0
DA:43,0
DA:45,0
DA:53,0
DA:57,0
DA:59,0
DA:64,0
DA:66,0
DA:67,0
DA:68,0
DA:69,0
DA:71,0
DA:72,0
DA:80,0
DA:104,0
DA:118,0
DA:129,0
DA:132,0
DA:141,0
LF:25
LH:0
BRDA:66,0,0,0
BRDA:66,0,1,0
BRDA:84,1,0,0
BRDA:84,1,1,0
BRF:4
BRH:0
end_of_record
